<?xml version="1.0" encoding="UTF-8"?>
<!-- Generated by org.testng.reporters.JUnitReportReporter -->
<testsuite skipped="0" hostname="HP" name="org.parameters.AdactinHotel2" tests="2" failures="0" timestamp="11 Apr 2022 17:20:55 GMT" time="142.752" errors="0">
  <testcase name="test1" time="111.174" classname="org.parameters.AdactinHotel2"/>
  <testcase name="test1" time="31.578" classname="org.parameters.AdactinHotel2"/>
</testsuite> <!-- org.parameters.AdactinHotel2 -->
